
*** Running vivado
    with args -log TheBigSource.vds -m64 -product Vivado -mode batch -messageDb vivado.pb -notrace -source TheBigSource.tcl



****** Vivado v2022.2 (64-bit)
  **** SW Build 3671981 on Fri Oct 14 05:00:03 MDT 2022
  **** IP Build 3669848 on Fri Oct 14 08:30:02 MDT 2022
    ** Copyright 1986-2022 Xilinx, Inc. All Rights Reserved.

source TheBigSource.tcl -notrace
create_project: Time (s): cpu = 00:00:08 ; elapsed = 00:00:09 . Memory (MB): peak = 378.090 ; gain = 64.254
Command: read_checkpoint -auto_incremental -incremental {C:/Users/Calin/Desktop/dsd/ps2beta 2/ps2beta 2.srcs/utils_1/imports/synth_1/TheBigSource.dcp}
INFO: [Vivado 12-5825] Read reference checkpoint from C:/Users/Calin/Desktop/dsd/ps2beta 2/ps2beta 2.srcs/utils_1/imports/synth_1/TheBigSource.dcp for incremental synthesis
INFO: [Vivado 12-7989] Please ensure there are no constraint changes
Command: synth_design -top TheBigSource -part xc7a100tcsg324-1
Starting synth_design
Attempting to get a license for feature 'Synthesis' and/or device 'xc7a100t'
INFO: [Common 17-349] Got license for feature 'Synthesis' and/or device 'xc7a100t'
INFO: [Device 21-403] Loading part xc7a100tcsg324-1
INFO: [Designutils 20-5440] No compile time benefit to using incremental synthesis; A full resynthesis will be run
INFO: [Designutils 20-4379] Flow is switching to default flow due to incremental criteria not met. If you would like to alter this behaviour and have the flow terminate instead, please set the following parameter config_implementation {autoIncr.Synth.RejectBehavior Terminate}
INFO: [Synth 8-7079] Multithreading enabled for synth_design using a maximum of 2 processes.
INFO: [Synth 8-7078] Launching helper process for spawning children vivado processes
INFO: [Synth 8-7075] Helper process launched with PID 12868
INFO: [Synth 8-11241] undeclared symbol 'REGCCE', assumed default net type 'wire' [C:/Xilinx/Vivado/2022.2/data/verilog/src/unimacro/BRAM_SINGLE_MACRO.v:2170]
---------------------------------------------------------------------------------
Starting RTL Elaboration : Time (s): cpu = 00:00:10 ; elapsed = 00:00:10 . Memory (MB): peak = 1211.242 ; gain = 409.496
---------------------------------------------------------------------------------
INFO: [Synth 8-638] synthesizing module 'TheBigSource' [C:/Users/Calin/Desktop/dsd/ps2beta 2/ps2beta 2.srcs/sources_1/imports/new/top_level.vhd:28]
INFO: [Synth 8-3491] module 'clk_sync' declared at 'C:/Users/Calin/Desktop/dsd/ps2beta 2/ps2beta 2.srcs/sources_1/imports/theComponents/clk_sync.vhd:4' bound to instance 'synchroniser' of component 'clk_sync' [C:/Users/Calin/Desktop/dsd/ps2beta 2/ps2beta 2.srcs/sources_1/imports/new/top_level.vhd:221]
INFO: [Synth 8-638] synthesizing module 'clk_sync' [C:/Users/Calin/Desktop/dsd/ps2beta 2/ps2beta 2.srcs/sources_1/imports/theComponents/clk_sync.vhd:14]
INFO: [Synth 8-256] done synthesizing module 'clk_sync' (0#1) [C:/Users/Calin/Desktop/dsd/ps2beta 2/ps2beta 2.srcs/sources_1/imports/theComponents/clk_sync.vhd:14]
INFO: [Synth 8-3491] module 'shift_register_11bit' declared at 'C:/Users/Calin/Desktop/dsd/ps2beta 2/ps2beta 2.srcs/sources_1/imports/theComponents/shift_register_11bit.vhd:4' bound to instance 'serialReader' of component 'shift_register_11bit' [C:/Users/Calin/Desktop/dsd/ps2beta 2/ps2beta 2.srcs/sources_1/imports/new/top_level.vhd:223]
INFO: [Synth 8-638] synthesizing module 'shift_register_11bit' [C:/Users/Calin/Desktop/dsd/ps2beta 2/ps2beta 2.srcs/sources_1/imports/theComponents/shift_register_11bit.vhd:18]
INFO: [Synth 8-256] done synthesizing module 'shift_register_11bit' (0#1) [C:/Users/Calin/Desktop/dsd/ps2beta 2/ps2beta 2.srcs/sources_1/imports/theComponents/shift_register_11bit.vhd:18]
INFO: [Synth 8-3491] module 'validation_unit' declared at 'C:/Users/Calin/Desktop/dsd/ps2beta 2/ps2beta 2.srcs/sources_1/imports/theComponents/validation_unit.vhd:4' bound to instance 'validationUnit' of component 'validation_unit' [C:/Users/Calin/Desktop/dsd/ps2beta 2/ps2beta 2.srcs/sources_1/imports/new/top_level.vhd:224]
INFO: [Synth 8-638] synthesizing module 'validation_unit' [C:/Users/Calin/Desktop/dsd/ps2beta 2/ps2beta 2.srcs/sources_1/imports/theComponents/validation_unit.vhd:12]
INFO: [Synth 8-256] done synthesizing module 'validation_unit' (0#1) [C:/Users/Calin/Desktop/dsd/ps2beta 2/ps2beta 2.srcs/sources_1/imports/theComponents/validation_unit.vhd:12]
INFO: [Synth 8-3491] module 'eo_verif_unit' declared at 'C:/Users/Calin/Desktop/dsd/ps2beta 2/ps2beta 2.srcs/sources_1/imports/theComponents/eo_verif_unit.vhd:4' bound to instance 'e0_verification' of component 'eo_verif_unit' [C:/Users/Calin/Desktop/dsd/ps2beta 2/ps2beta 2.srcs/sources_1/imports/new/top_level.vhd:225]
INFO: [Synth 8-638] synthesizing module 'eo_verif_unit' [C:/Users/Calin/Desktop/dsd/ps2beta 2/ps2beta 2.srcs/sources_1/imports/theComponents/eo_verif_unit.vhd:12]
INFO: [Synth 8-256] done synthesizing module 'eo_verif_unit' (0#1) [C:/Users/Calin/Desktop/dsd/ps2beta 2/ps2beta 2.srcs/sources_1/imports/theComponents/eo_verif_unit.vhd:12]
INFO: [Synth 8-3491] module 'fo_verif_unit' declared at 'C:/Users/Calin/Desktop/dsd/ps2beta 2/ps2beta 2.srcs/sources_1/imports/theComponents/fo_verif_unit.vhd:4' bound to instance 'f0_verification' of component 'fo_verif_unit' [C:/Users/Calin/Desktop/dsd/ps2beta 2/ps2beta 2.srcs/sources_1/imports/new/top_level.vhd:226]
INFO: [Synth 8-638] synthesizing module 'fo_verif_unit' [C:/Users/Calin/Desktop/dsd/ps2beta 2/ps2beta 2.srcs/sources_1/imports/theComponents/fo_verif_unit.vhd:12]
INFO: [Synth 8-256] done synthesizing module 'fo_verif_unit' (0#1) [C:/Users/Calin/Desktop/dsd/ps2beta 2/ps2beta 2.srcs/sources_1/imports/theComponents/fo_verif_unit.vhd:12]
INFO: [Synth 8-3491] module 'enter_verif_unit' declared at 'C:/Users/Calin/Desktop/dsd/ps2beta 2/ps2beta 2.srcs/sources_1/imports/theComponents/enter_verif_unit.vhd:4' bound to instance 'enter_verification' of component 'enter_verif_unit' [C:/Users/Calin/Desktop/dsd/ps2beta 2/ps2beta 2.srcs/sources_1/imports/new/top_level.vhd:228]
INFO: [Synth 8-638] synthesizing module 'enter_verif_unit' [C:/Users/Calin/Desktop/dsd/ps2beta 2/ps2beta 2.srcs/sources_1/imports/theComponents/enter_verif_unit.vhd:12]
INFO: [Synth 8-256] done synthesizing module 'enter_verif_unit' (0#1) [C:/Users/Calin/Desktop/dsd/ps2beta 2/ps2beta 2.srcs/sources_1/imports/theComponents/enter_verif_unit.vhd:12]
INFO: [Synth 8-3491] module 'counterDelay' declared at 'C:/Users/Calin/Desktop/dsd/ps2beta 2/ps2beta 2.srcs/sources_1/new/counterDelay.vhd:13' bound to instance 'delay_for_another_key' of component 'counterDelay' [C:/Users/Calin/Desktop/dsd/ps2beta 2/ps2beta 2.srcs/sources_1/imports/new/top_level.vhd:229]
INFO: [Synth 8-638] synthesizing module 'counterDelay' [C:/Users/Calin/Desktop/dsd/ps2beta 2/ps2beta 2.srcs/sources_1/new/counterDelay.vhd:19]
INFO: [Synth 8-256] done synthesizing module 'counterDelay' (0#1) [C:/Users/Calin/Desktop/dsd/ps2beta 2/ps2beta 2.srcs/sources_1/new/counterDelay.vhd:19]
INFO: [Synth 8-3491] module 'modulo11_counter' declared at 'C:/Users/Calin/Desktop/dsd/ps2beta 2/ps2beta 2.srcs/sources_1/imports/theComponents/modulo11_counter.vhd:4' bound to instance 'CU_counter' of component 'modulo11_counter' [C:/Users/Calin/Desktop/dsd/ps2beta 2/ps2beta 2.srcs/sources_1/imports/new/top_level.vhd:230]
INFO: [Synth 8-638] synthesizing module 'modulo11_counter' [C:/Users/Calin/Desktop/dsd/ps2beta 2/ps2beta 2.srcs/sources_1/imports/theComponents/modulo11_counter.vhd:12]
INFO: [Synth 8-256] done synthesizing module 'modulo11_counter' (0#1) [C:/Users/Calin/Desktop/dsd/ps2beta 2/ps2beta 2.srcs/sources_1/imports/theComponents/modulo11_counter.vhd:12]
INFO: [Synth 8-3491] module 'CU_ROM' declared at 'C:/Users/Calin/Desktop/dsd/ps2beta 2/ps2beta 2.srcs/sources_1/imports/new/top_level.vhd:255' bound to instance 'CU_MEMORY' of component 'CU_ROM' [C:/Users/Calin/Desktop/dsd/ps2beta 2/ps2beta 2.srcs/sources_1/imports/new/top_level.vhd:232]
INFO: [Synth 8-638] synthesizing module 'CU_ROM' [C:/Users/Calin/Desktop/dsd/ps2beta 2/ps2beta 2.srcs/sources_1/imports/new/top_level.vhd:270]
INFO: [Synth 8-256] done synthesizing module 'CU_ROM' (0#1) [C:/Users/Calin/Desktop/dsd/ps2beta 2/ps2beta 2.srcs/sources_1/imports/new/top_level.vhd:270]
INFO: [Synth 8-3491] module 'RegisterForCU' declared at 'C:/Users/Calin/Desktop/dsd/ps2beta 2/ps2beta 2.srcs/sources_1/imports/new/top_level.vhd:402' bound to instance 'CU_REGISTER' of component 'RegisterForCU' [C:/Users/Calin/Desktop/dsd/ps2beta 2/ps2beta 2.srcs/sources_1/imports/new/top_level.vhd:233]
INFO: [Synth 8-638] synthesizing module 'RegisterForCU' [C:/Users/Calin/Desktop/dsd/ps2beta 2/ps2beta 2.srcs/sources_1/imports/new/top_level.vhd:409]
INFO: [Synth 8-256] done synthesizing module 'RegisterForCU' (0#1) [C:/Users/Calin/Desktop/dsd/ps2beta 2/ps2beta 2.srcs/sources_1/imports/new/top_level.vhd:409]
INFO: [Synth 8-3491] module 'MUX8TO1WHICHIS1BIT' declared at 'C:/Users/Calin/Desktop/dsd/ps2beta 2/ps2beta 2.srcs/sources_1/imports/theComponents/MUX8TO1WHICHIS1BIT.vhd:5' bound to instance 'CU_MUX' of component 'MUX8TO1WHICHIS1BIT' [C:/Users/Calin/Desktop/dsd/ps2beta 2/ps2beta 2.srcs/sources_1/imports/new/top_level.vhd:237]
INFO: [Synth 8-638] synthesizing module 'MUX8TO1WHICHIS1BIT' [C:/Users/Calin/Desktop/dsd/ps2beta 2/ps2beta 2.srcs/sources_1/imports/theComponents/MUX8TO1WHICHIS1BIT.vhd:21]
INFO: [Synth 8-226] default block is never used [C:/Users/Calin/Desktop/dsd/ps2beta 2/ps2beta 2.srcs/sources_1/imports/theComponents/MUX8TO1WHICHIS1BIT.vhd:27]
INFO: [Synth 8-256] done synthesizing module 'MUX8TO1WHICHIS1BIT' (0#1) [C:/Users/Calin/Desktop/dsd/ps2beta 2/ps2beta 2.srcs/sources_1/imports/theComponents/MUX8TO1WHICHIS1BIT.vhd:21]
INFO: [Synth 8-3491] module 'decoder7sd' declared at 'C:/Users/Calin/Desktop/dsd/ps2beta 2/ps2beta 2.srcs/sources_1/imports/theComponents/decoder7sd.vhd:14' bound to instance 'MEMORY_FOR_DECODER' of component 'decoder7sd' [C:/Users/Calin/Desktop/dsd/ps2beta 2/ps2beta 2.srcs/sources_1/imports/new/top_level.vhd:238]
INFO: [Synth 8-638] synthesizing module 'decoder7sd' [C:/Users/Calin/Desktop/dsd/ps2beta 2/ps2beta 2.srcs/sources_1/imports/theComponents/decoder7sd.vhd:29]
INFO: [Synth 8-256] done synthesizing module 'decoder7sd' (0#1) [C:/Users/Calin/Desktop/dsd/ps2beta 2/ps2beta 2.srcs/sources_1/imports/theComponents/decoder7sd.vhd:29]
INFO: [Synth 8-3491] module 'CU_Outputs' declared at 'C:/Users/Calin/Desktop/dsd/ps2beta 2/ps2beta 2.srcs/sources_1/imports/new/top_level.vhd:324' bound to instance 'OutputsOfMemory' of component 'CU_Outputs' [C:/Users/Calin/Desktop/dsd/ps2beta 2/ps2beta 2.srcs/sources_1/imports/new/top_level.vhd:239]
INFO: [Synth 8-638] synthesizing module 'CU_Outputs' [C:/Users/Calin/Desktop/dsd/ps2beta 2/ps2beta 2.srcs/sources_1/imports/new/top_level.vhd:334]
INFO: [Synth 8-256] done synthesizing module 'CU_Outputs' (0#1) [C:/Users/Calin/Desktop/dsd/ps2beta 2/ps2beta 2.srcs/sources_1/imports/new/top_level.vhd:334]
INFO: [Synth 8-3491] module 'display_buffer' declared at 'C:/Users/Calin/Desktop/dsd/ps2beta 2/ps2beta 2.srcs/sources_1/imports/theComponents/display_buffer.vhd:4' bound to instance 'displayingBUFFER' of component 'display_buffer' [C:/Users/Calin/Desktop/dsd/ps2beta 2/ps2beta 2.srcs/sources_1/imports/new/top_level.vhd:240]
INFO: [Synth 8-638] synthesizing module 'display_buffer' [C:/Users/Calin/Desktop/dsd/ps2beta 2/ps2beta 2.srcs/sources_1/imports/theComponents/display_buffer.vhd:23]
INFO: [Synth 8-256] done synthesizing module 'display_buffer' (0#1) [C:/Users/Calin/Desktop/dsd/ps2beta 2/ps2beta 2.srcs/sources_1/imports/theComponents/display_buffer.vhd:23]
INFO: [Synth 8-3491] module 'counter16bit' declared at 'C:/Users/Calin/Desktop/dsd/ps2beta 2/ps2beta 2.srcs/sources_1/imports/theComponents/counter16bit.vhd:6' bound to instance 'FrequencyDivider' of component 'counter16bit' [C:/Users/Calin/Desktop/dsd/ps2beta 2/ps2beta 2.srcs/sources_1/imports/new/top_level.vhd:241]
INFO: [Synth 8-638] synthesizing module 'counter16bit' [C:/Users/Calin/Desktop/dsd/ps2beta 2/ps2beta 2.srcs/sources_1/imports/theComponents/counter16bit.vhd:21]
INFO: [Synth 8-256] done synthesizing module 'counter16bit' (0#1) [C:/Users/Calin/Desktop/dsd/ps2beta 2/ps2beta 2.srcs/sources_1/imports/theComponents/counter16bit.vhd:21]
INFO: [Synth 8-3491] module 'counter3bit' declared at 'C:/Users/Calin/Desktop/dsd/ps2beta 2/ps2beta 2.srcs/sources_1/imports/theComponents/counter3bit.vhd:6' bound to instance 'counterOn3bits' of component 'counter3bit' [C:/Users/Calin/Desktop/dsd/ps2beta 2/ps2beta 2.srcs/sources_1/imports/new/top_level.vhd:242]
INFO: [Synth 8-638] synthesizing module 'counter3bit' [C:/Users/Calin/Desktop/dsd/ps2beta 2/ps2beta 2.srcs/sources_1/imports/theComponents/counter3bit.vhd:22]
WARNING: [Synth 8-614] signal 'enable' is read in the process but is not in the sensitivity list [C:/Users/Calin/Desktop/dsd/ps2beta 2/ps2beta 2.srcs/sources_1/imports/theComponents/counter3bit.vhd:27]
INFO: [Synth 8-256] done synthesizing module 'counter3bit' (0#1) [C:/Users/Calin/Desktop/dsd/ps2beta 2/ps2beta 2.srcs/sources_1/imports/theComponents/counter3bit.vhd:22]
INFO: [Synth 8-3491] module 'mux8to1_8bit' declared at 'C:/Users/Calin/Desktop/dsd/ps2beta 2/ps2beta 2.srcs/sources_1/imports/theComponents/mux8to1_8bit.vhd:4' bound to instance 'Mux8to1bitWhichIs8bits' of component 'mux8to1_8bit' [C:/Users/Calin/Desktop/dsd/ps2beta 2/ps2beta 2.srcs/sources_1/imports/new/top_level.vhd:243]
INFO: [Synth 8-638] synthesizing module 'mux8to1_8bit' [C:/Users/Calin/Desktop/dsd/ps2beta 2/ps2beta 2.srcs/sources_1/imports/theComponents/mux8to1_8bit.vhd:24]
INFO: [Synth 8-226] default block is never used [C:/Users/Calin/Desktop/dsd/ps2beta 2/ps2beta 2.srcs/sources_1/imports/theComponents/mux8to1_8bit.vhd:29]
INFO: [Synth 8-256] done synthesizing module 'mux8to1_8bit' (0#1) [C:/Users/Calin/Desktop/dsd/ps2beta 2/ps2beta 2.srcs/sources_1/imports/theComponents/mux8to1_8bit.vhd:24]
INFO: [Synth 8-3491] module 'dmux8to1' declared at 'C:/Users/Calin/Desktop/dsd/ps2beta 2/ps2beta 2.srcs/sources_1/imports/theComponents/dmux8to1.vhd:4' bound to instance 'Dmux8to1bitWhichis1bit' of component 'dmux8to1' [C:/Users/Calin/Desktop/dsd/ps2beta 2/ps2beta 2.srcs/sources_1/imports/new/top_level.vhd:245]
INFO: [Synth 8-638] synthesizing module 'dmux8to1' [C:/Users/Calin/Desktop/dsd/ps2beta 2/ps2beta 2.srcs/sources_1/imports/theComponents/dmux8to1.vhd:27]
INFO: [Synth 8-226] default block is never used [C:/Users/Calin/Desktop/dsd/ps2beta 2/ps2beta 2.srcs/sources_1/imports/theComponents/dmux8to1.vhd:39]
INFO: [Synth 8-256] done synthesizing module 'dmux8to1' (0#1) [C:/Users/Calin/Desktop/dsd/ps2beta 2/ps2beta 2.srcs/sources_1/imports/theComponents/dmux8to1.vhd:27]
INFO: [Synth 8-256] done synthesizing module 'TheBigSource' (0#1) [C:/Users/Calin/Desktop/dsd/ps2beta 2/ps2beta 2.srcs/sources_1/imports/new/top_level.vhd:28]
WARNING: [Synth 8-6014] Unused sequential element data_out0_reg was removed.  [C:/Users/Calin/Desktop/dsd/ps2beta 2/ps2beta 2.srcs/sources_1/imports/theComponents/display_buffer.vhd:39]
WARNING: [Synth 8-6014] Unused sequential element data_out1_reg was removed.  [C:/Users/Calin/Desktop/dsd/ps2beta 2/ps2beta 2.srcs/sources_1/imports/theComponents/display_buffer.vhd:40]
WARNING: [Synth 8-6014] Unused sequential element data_out2_reg was removed.  [C:/Users/Calin/Desktop/dsd/ps2beta 2/ps2beta 2.srcs/sources_1/imports/theComponents/display_buffer.vhd:41]
WARNING: [Synth 8-6014] Unused sequential element data_out3_reg was removed.  [C:/Users/Calin/Desktop/dsd/ps2beta 2/ps2beta 2.srcs/sources_1/imports/theComponents/display_buffer.vhd:42]
WARNING: [Synth 8-6014] Unused sequential element data_out4_reg was removed.  [C:/Users/Calin/Desktop/dsd/ps2beta 2/ps2beta 2.srcs/sources_1/imports/theComponents/display_buffer.vhd:43]
WARNING: [Synth 8-6014] Unused sequential element data_out5_reg was removed.  [C:/Users/Calin/Desktop/dsd/ps2beta 2/ps2beta 2.srcs/sources_1/imports/theComponents/display_buffer.vhd:44]
WARNING: [Synth 8-6014] Unused sequential element data_out6_reg was removed.  [C:/Users/Calin/Desktop/dsd/ps2beta 2/ps2beta 2.srcs/sources_1/imports/theComponents/display_buffer.vhd:45]
WARNING: [Synth 8-6014] Unused sequential element data_out7_reg was removed.  [C:/Users/Calin/Desktop/dsd/ps2beta 2/ps2beta 2.srcs/sources_1/imports/theComponents/display_buffer.vhd:46]
WARNING: [Synth 8-7129] Port c[10] in module enter_verif_unit is either unconnected or has no load
WARNING: [Synth 8-7129] Port c[9] in module enter_verif_unit is either unconnected or has no load
WARNING: [Synth 8-7129] Port c[0] in module enter_verif_unit is either unconnected or has no load
WARNING: [Synth 8-7129] Port c[10] in module fo_verif_unit is either unconnected or has no load
WARNING: [Synth 8-7129] Port c[9] in module fo_verif_unit is either unconnected or has no load
WARNING: [Synth 8-7129] Port c[0] in module fo_verif_unit is either unconnected or has no load
WARNING: [Synth 8-7129] Port c[10] in module eo_verif_unit is either unconnected or has no load
WARNING: [Synth 8-7129] Port c[9] in module eo_verif_unit is either unconnected or has no load
WARNING: [Synth 8-7129] Port c[0] in module eo_verif_unit is either unconnected or has no load
---------------------------------------------------------------------------------
Finished RTL Elaboration : Time (s): cpu = 00:00:15 ; elapsed = 00:00:15 . Memory (MB): peak = 1304.492 ; gain = 502.746
---------------------------------------------------------------------------------
---------------------------------------------------------------------------------
Start Handling Custom Attributes
---------------------------------------------------------------------------------
---------------------------------------------------------------------------------
Finished Handling Custom Attributes : Time (s): cpu = 00:00:15 ; elapsed = 00:00:15 . Memory (MB): peak = 1305.191 ; gain = 503.445
---------------------------------------------------------------------------------
---------------------------------------------------------------------------------
Finished RTL Optimization Phase 1 : Time (s): cpu = 00:00:15 ; elapsed = 00:00:15 . Memory (MB): peak = 1305.191 ; gain = 503.445
---------------------------------------------------------------------------------
Netlist sorting complete. Time (s): cpu = 00:00:00 ; elapsed = 00:00:00.008 . Memory (MB): peak = 1305.191 ; gain = 0.000
INFO: [Project 1-570] Preparing netlist for logic optimization

Processing XDC Constraints
Initializing timing engine
Parsing XDC File [C:/Users/Calin/Desktop/dsd/ps2beta 2/ps2beta 2.srcs/constrs_1/imports/new/constrain.xdc]
Finished Parsing XDC File [C:/Users/Calin/Desktop/dsd/ps2beta 2/ps2beta 2.srcs/constrs_1/imports/new/constrain.xdc]
INFO: [Project 1-236] Implementation specific constraints were found while reading constraint file [C:/Users/Calin/Desktop/dsd/ps2beta 2/ps2beta 2.srcs/constrs_1/imports/new/constrain.xdc]. These constraints will be ignored for synthesis but will be used in implementation. Impacted constraints are listed in the file [.Xil/TheBigSource_propImpl.xdc].
Resolution: To avoid this warning, move constraints listed in [.Xil/TheBigSource_propImpl.xdc] to another XDC file and exclude this new file from synthesis with the used_in_synthesis property (File Properties dialog in GUI) and re-run elaboration/synthesis.
Completed Processing XDC Constraints

Netlist sorting complete. Time (s): cpu = 00:00:00 ; elapsed = 00:00:00 . Memory (MB): peak = 1422.941 ; gain = 0.000
INFO: [Project 1-111] Unisim Transformation Summary:
No Unisim elements were transformed.

Constraint Validation Runtime : Time (s): cpu = 00:00:00 ; elapsed = 00:00:00.011 . Memory (MB): peak = 1422.941 ; gain = 0.000
INFO: [Designutils 20-5440] No compile time benefit to using incremental synthesis; A full resynthesis will be run
INFO: [Designutils 20-4379] Flow is switching to default flow due to incremental criteria not met. If you would like to alter this behaviour and have the flow terminate instead, please set the following parameter config_implementation {autoIncr.Synth.RejectBehavior Terminate}
INFO: [Synth 8-11241] undeclared symbol 'REGCCE', assumed default net type 'wire' [C:/Xilinx/Vivado/2022.2/data/verilog/src/unimacro/BRAM_SINGLE_MACRO.v:2170]
---------------------------------------------------------------------------------
Finished Constraint Validation : Time (s): cpu = 00:00:30 ; elapsed = 00:00:31 . Memory (MB): peak = 1422.941 ; gain = 621.195
---------------------------------------------------------------------------------
---------------------------------------------------------------------------------
Start Loading Part and Timing Information
---------------------------------------------------------------------------------
Loading part: xc7a100tcsg324-1
---------------------------------------------------------------------------------
Finished Loading Part and Timing Information : Time (s): cpu = 00:00:30 ; elapsed = 00:00:31 . Memory (MB): peak = 1422.941 ; gain = 621.195
---------------------------------------------------------------------------------
---------------------------------------------------------------------------------
Start Applying 'set_property' XDC Constraints
---------------------------------------------------------------------------------
---------------------------------------------------------------------------------
Finished applying 'set_property' XDC Constraints : Time (s): cpu = 00:00:30 ; elapsed = 00:00:31 . Memory (MB): peak = 1422.941 ; gain = 621.195
---------------------------------------------------------------------------------
WARNING: [Synth 8-327] inferring latch for variable 'synced_reg' [C:/Users/Calin/Desktop/dsd/ps2beta 2/ps2beta 2.srcs/sources_1/imports/theComponents/clk_sync.vhd:24]
---------------------------------------------------------------------------------
Finished RTL Optimization Phase 2 : Time (s): cpu = 00:00:31 ; elapsed = 00:00:31 . Memory (MB): peak = 1422.941 ; gain = 621.195
---------------------------------------------------------------------------------
---------------------------------------------------------------------------------
Start RTL Component Statistics 
---------------------------------------------------------------------------------
Detailed RTL Component Info : 
+---Adders : 
	   2 Input   16 Bit       Adders := 1     
	   2 Input    4 Bit       Adders := 1     
	   2 Input    3 Bit       Adders := 1     
+---XORs : 
	   9 Input      1 Bit         XORs := 1     
+---Registers : 
	               16 Bit    Registers := 1     
	               11 Bit    Registers := 1     
	                8 Bit    Registers := 17    
	                4 Bit    Registers := 2     
	                3 Bit    Registers := 1     
	                1 Bit    Registers := 3     
+---Muxes : 
	   2 Input    8 Bit        Muxes := 1     
	   2 Input    4 Bit        Muxes := 1     
	   2 Input    3 Bit        Muxes := 1     
	   2 Input    1 Bit        Muxes := 10    
	   3 Input    1 Bit        Muxes := 1     
	   8 Input    1 Bit        Muxes := 8     
---------------------------------------------------------------------------------
Finished RTL Component Statistics 
---------------------------------------------------------------------------------
---------------------------------------------------------------------------------
Start Part Resource Summary
---------------------------------------------------------------------------------
Part Resources:
DSPs: 240 (col length:80)
BRAMs: 270 (col length: RAMB18 80 RAMB36 40)
---------------------------------------------------------------------------------
Finished Part Resource Summary
---------------------------------------------------------------------------------
---------------------------------------------------------------------------------
Start Cross Boundary and Area Optimization
---------------------------------------------------------------------------------
WARNING: [Synth 8-7080] Parallel synthesis criteria is not met
---------------------------------------------------------------------------------
Finished Cross Boundary and Area Optimization : Time (s): cpu = 00:00:36 ; elapsed = 00:00:36 . Memory (MB): peak = 1422.941 ; gain = 621.195
---------------------------------------------------------------------------------
---------------------------------------------------------------------------------
Start ROM, RAM, DSP, Shift Register and Retiming Reporting
---------------------------------------------------------------------------------

ROM: Preliminary Mapping Report
+-------------+----------------------------+---------------+----------------+
|Module Name  | RTL Object                 | Depth x Width | Implemented As | 
+-------------+----------------------------+---------------+----------------+
|CU_ROM       | content                    | 32x4          | LUT            | 
|decoder7sd   | content                    | 128x8         | LUT            | 
|TheBigSource | CU_MEMORY/content          | 32x4          | LUT            | 
|TheBigSource | MEMORY_FOR_DECODER/content | 128x8         | Block RAM      | 
+-------------+----------------------------+---------------+----------------+

---------------------------------------------------------------------------------
Finished ROM, RAM, DSP, Shift Register and Retiming Reporting
---------------------------------------------------------------------------------
---------------------------------------------------------------------------------
Start Applying XDC Timing Constraints
---------------------------------------------------------------------------------
---------------------------------------------------------------------------------
Finished Applying XDC Timing Constraints : Time (s): cpu = 00:00:46 ; elapsed = 00:00:47 . Memory (MB): peak = 1422.941 ; gain = 621.195
---------------------------------------------------------------------------------
---------------------------------------------------------------------------------
Start Timing Optimization
---------------------------------------------------------------------------------
---------------------------------------------------------------------------------
Finished Timing Optimization : Time (s): cpu = 00:00:46 ; elapsed = 00:00:48 . Memory (MB): peak = 1422.941 ; gain = 621.195
---------------------------------------------------------------------------------
---------------------------------------------------------------------------------
Start Technology Mapping
---------------------------------------------------------------------------------
INFO: [Synth 8-7052] The timing for the instance i_0 (implemented as a Block RAM) might be sub-optimal as no optional output register could be merged into the ram block. Providing additional output register may help in improving timing.
---------------------------------------------------------------------------------
Finished Technology Mapping : Time (s): cpu = 00:00:47 ; elapsed = 00:00:48 . Memory (MB): peak = 1422.941 ; gain = 621.195
---------------------------------------------------------------------------------
---------------------------------------------------------------------------------
Start IO Insertion
---------------------------------------------------------------------------------
---------------------------------------------------------------------------------
Start Flattening Before IO Insertion
---------------------------------------------------------------------------------
---------------------------------------------------------------------------------
Finished Flattening Before IO Insertion
---------------------------------------------------------------------------------
---------------------------------------------------------------------------------
Start Final Netlist Cleanup
---------------------------------------------------------------------------------
---------------------------------------------------------------------------------
Finished Final Netlist Cleanup
---------------------------------------------------------------------------------
---------------------------------------------------------------------------------
Finished IO Insertion : Time (s): cpu = 00:00:57 ; elapsed = 00:00:58 . Memory (MB): peak = 1422.941 ; gain = 621.195
---------------------------------------------------------------------------------
---------------------------------------------------------------------------------
Start Renaming Generated Instances
---------------------------------------------------------------------------------
---------------------------------------------------------------------------------
Finished Renaming Generated Instances : Time (s): cpu = 00:00:57 ; elapsed = 00:00:58 . Memory (MB): peak = 1422.941 ; gain = 621.195
---------------------------------------------------------------------------------
---------------------------------------------------------------------------------
Start Rebuilding User Hierarchy
---------------------------------------------------------------------------------
---------------------------------------------------------------------------------
Finished Rebuilding User Hierarchy : Time (s): cpu = 00:00:57 ; elapsed = 00:00:58 . Memory (MB): peak = 1422.941 ; gain = 621.195
---------------------------------------------------------------------------------
---------------------------------------------------------------------------------
Start Renaming Generated Ports
---------------------------------------------------------------------------------
---------------------------------------------------------------------------------
Finished Renaming Generated Ports : Time (s): cpu = 00:00:57 ; elapsed = 00:00:58 . Memory (MB): peak = 1422.941 ; gain = 621.195
---------------------------------------------------------------------------------
---------------------------------------------------------------------------------
Start Handling Custom Attributes
---------------------------------------------------------------------------------
---------------------------------------------------------------------------------
Finished Handling Custom Attributes : Time (s): cpu = 00:00:57 ; elapsed = 00:00:58 . Memory (MB): peak = 1422.941 ; gain = 621.195
---------------------------------------------------------------------------------
---------------------------------------------------------------------------------
Start Renaming Generated Nets
---------------------------------------------------------------------------------
---------------------------------------------------------------------------------
Finished Renaming Generated Nets : Time (s): cpu = 00:00:57 ; elapsed = 00:00:58 . Memory (MB): peak = 1422.941 ; gain = 621.195
---------------------------------------------------------------------------------
---------------------------------------------------------------------------------
Start Writing Synthesis Report
---------------------------------------------------------------------------------

Report BlackBoxes: 
+-+--------------+----------+
| |BlackBox name |Instances |
+-+--------------+----------+
+-+--------------+----------+

Report Cell Usage: 
+------+---------+------+
|      |Cell     |Count |
+------+---------+------+
|1     |BUFG     |     1|
|2     |CARRY4   |     4|
|3     |LUT1     |     2|
|4     |LUT2     |    10|
|5     |LUT3     |    10|
|6     |LUT4     |     8|
|7     |LUT5     |    15|
|8     |LUT6     |    30|
|9     |MUXF7    |     8|
|10    |RAMB18E1 |     1|
|11    |FDRE     |   176|
|12    |LDP      |     1|
|13    |IBUF     |     4|
|14    |OBUF     |    20|
+------+---------+------+
---------------------------------------------------------------------------------
Finished Writing Synthesis Report : Time (s): cpu = 00:00:57 ; elapsed = 00:00:58 . Memory (MB): peak = 1422.941 ; gain = 621.195
---------------------------------------------------------------------------------
Synthesis finished with 0 errors, 0 critical warnings and 2 warnings.
Synthesis Optimization Runtime : Time (s): cpu = 00:00:38 ; elapsed = 00:00:55 . Memory (MB): peak = 1422.941 ; gain = 503.445
Synthesis Optimization Complete : Time (s): cpu = 00:00:57 ; elapsed = 00:00:59 . Memory (MB): peak = 1422.941 ; gain = 621.195
INFO: [Project 1-571] Translating synthesized netlist
Netlist sorting complete. Time (s): cpu = 00:00:00 ; elapsed = 00:00:00.005 . Memory (MB): peak = 1422.941 ; gain = 0.000
INFO: [Netlist 29-17] Analyzing 14 Unisim elements for replacement
INFO: [Netlist 29-28] Unisim Transformation completed in 0 CPU seconds
INFO: [Project 1-570] Preparing netlist for logic optimization
INFO: [Opt 31-138] Pushed 1 inverter(s) to 1 load pin(s).
Netlist sorting complete. Time (s): cpu = 00:00:00 ; elapsed = 00:00:00.001 . Memory (MB): peak = 1422.941 ; gain = 0.000
INFO: [Project 1-111] Unisim Transformation Summary:
  A total of 1 instances were transformed.
  LDP => LDPE: 1 instance 

Synth Design complete, checksum: 5c78bc0d
INFO: [Common 17-83] Releasing license: Synthesis
83 Infos, 20 Warnings, 0 Critical Warnings and 0 Errors encountered.
synth_design completed successfully
synth_design: Time (s): cpu = 00:01:05 ; elapsed = 00:01:09 . Memory (MB): peak = 1422.941 ; gain = 1013.852
INFO: [Common 17-1381] The checkpoint 'C:/Users/Calin/Desktop/dsd/ps2beta 2/ps2beta 2.runs/synth_1/TheBigSource.dcp' has been generated.
INFO: [runtcl-4] Executing : report_utilization -file TheBigSource_utilization_synth.rpt -pb TheBigSource_utilization_synth.pb
INFO: [Common 17-206] Exiting Vivado at Wed May 31 02:35:49 2023...
